#
# There is insufficient memory for the Java Runtime Environment to continue.
# Native memory allocation (malloc) failed to allocate 602800 bytes for Chunk::new
# Possible reasons:
#   The system is out of physical RAM or swap space
#   In 32 bit mode, the process size limit was hit
# Possible solutions:
#   Reduce memory load on the system
#   Increase physical memory or swap space
#   Check if swap backing store is full
#   Use 64 bit Java on a 64 bit OS
#   Decrease Java heap size (-Xmx/-Xms)
#   Decrease number of Java threads
#   Decrease Java thread stack sizes (-Xss)
#   Set larger code cache with -XX:ReservedCodeCacheSize=
# This output file may be truncated or incomplete.
#
#  Out of Memory Error (allocation.cpp:390), pid=3852, tid=7624
#
# JRE version: Java(TM) SE Runtime Environment (8.0_60-b27) (build 1.8.0_60-b27)
# Java VM: Java HotSpot(TM) 64-Bit Server VM (25.60-b23 mixed mode windows-amd64 compressed oops)
# Failed to write core dump. Minidumps are not enabled by default on client versions of Windows
#

---------------  T H R E A D  ---------------

Current thread (0x0000000015052000):  JavaThread "C2 CompilerThread1" daemon [_thread_in_native, id=7624, stack(0x00000000168a0000,0x00000000169a0000)]

Stack: [0x00000000168a0000,0x00000000169a0000]
[error occurred during error reporting (printing stack bounds), id 0xc0000005]

Native frames: (J=compiled Java code, j=interpreted, Vv=VM code, C=native code)


Current CompileTask:
C2:  15141 2026   !   4       com.android.dx.cf.code.RopperMachine::run (1550 bytes)


---------------  P R O C E S S  ---------------

Java Threads: ( => current thread )
  0x0000000016abf800 JavaThread "Service Thread" daemon [_thread_blocked, id=6360, stack(0x0000000016ea0000,0x0000000016fa0000)]
  0x000000001505c800 JavaThread "C1 CompilerThread2" daemon [_thread_blocked, id=3316, stack(0x00000000169a0000,0x0000000016aa0000)]
=>0x0000000015052000 JavaThread "C2 CompilerThread1" daemon [_thread_in_native, id=7624, stack(0x00000000168a0000,0x00000000169a0000)]
  0x0000000015008000 JavaThread "C2 CompilerThread0" daemon [_thread_in_native, id=3604, stack(0x00000000167a0000,0x00000000168a0000)]
  0x0000000015007000 JavaThread "Attach Listener" daemon [_thread_blocked, id=5008, stack(0x00000000166a0000,0x00000000167a0000)]
  0x0000000015005800 JavaThread "Signal Dispatcher" daemon [_thread_blocked, id=5864, stack(0x00000000165a0000,0x00000000166a0000)]
  0x0000000002927000 JavaThread "Finalizer" daemon [_thread_blocked, id=4036, stack(0x0000000016260000,0x0000000016360000)]
  0x000000000291e000 JavaThread "Reference Handler" daemon [_thread_blocked, id=5928, stack(0x0000000016160000,0x0000000016260000)]
  0x0000000002830800 JavaThread "main" [_thread_in_vm, id=6180, stack(0x0000000002730000,0x0000000002830000)]

Other Threads:
  0x0000000014fc7800 VMThread [stack: 0x0000000016060000,0x0000000016160000] [id=6676]
  0x0000000016ac6000 WatcherThread [stack: 0x0000000016fa0000,0x00000000170a0000] [id=6948]

VM state:not at safepoint (normal execution)

VM Mutex/Monitor currently owned by a thread: None

Heap:
 PSYoungGen      total 79872K, used 35170K [0x00000000eab00000, 0x00000000f4700000, 0x0000000100000000)
  eden space 65536K, 31% used [0x00000000eab00000,0x00000000ebf75db0,0x00000000eeb00000)
  from space 14336K, 99% used [0x00000000f3900000,0x00000000f46e2aa0,0x00000000f4700000)
  to   space 2560K, 0% used [0x00000000eeb00000,0x00000000eeb00000,0x00000000eed80000)
 ParOldGen       total 44032K, used 26334K [0x00000000c0000000, 0x00000000c2b00000, 0x00000000eab00000)
  object space 44032K, 59% used [0x00000000c0000000,0x00000000c19b7800,0x00000000c2b00000)
 Metaspace       used 6014K, capacity 7152K, committed 7296K, reserved 1056768K
  class space    used 567K, capacity 616K, committed 640K, reserved 1048576K

Card table byte_map: [0x0000000011cf0000,0x0000000011f00000] byte_map_base: 0x00000000116f0000

Marking Bits: (ParMarkBitMap*) 0x00000000747ba5b0
 Begin Bits: [0x0000000012460000, 0x0000000013460000)
 End Bits:   [0x0000000013460000, 0x0000000014460000)

Polling page: 0x0000000002560000

CodeCache: size=245760Kb used=10466Kb max_used=10576Kb free=235293Kb
 bounds [0x0000000002930000, 0x0000000003390000, 0x0000000011930000]
 total_blobs=2224 nmethods=1957 adapters=178
 compilation: disabled (not enough contiguous free space left)

Compilation events (10 events):
Event: 14.772 Thread 0x000000001505c800 2040       3       sun.util.calendar.Gregorian::newCalendarDate (6 bytes)
Event: 14.772 Thread 0x000000001505c800 nmethod 2040 0x000000000331da90 code [0x000000000331dc00, 0x000000000331dec8]
Event: 14.772 Thread 0x000000001505c800 2041       3       com.android.dx.cf.direct.DirectClassFile::<init> (53 bytes)
Event: 14.773 Thread 0x000000001505c800 nmethod 2041 0x0000000002a4f3d0 code [0x0000000002a4f560, 0x0000000002a4f938]
Event: 14.773 Thread 0x000000001505c800 2043       3       com.android.dx.cf.direct.DirectClassFile::isGoodVersion (38 bytes)
Event: 14.773 Thread 0x000000001505c800 nmethod 2043 0x0000000002a54c10 code [0x0000000002a54d80, 0x0000000002a55050]
Event: 14.773 Thread 0x000000001505c800 2042   !   3       com.android.dx.dex.file.ClassDefsSection::add (75 bytes)
Event: 14.774 Thread 0x000000001505c800 nmethod 2042 0x0000000002a907d0 code [0x0000000002a90a40, 0x0000000002a91a18]
Event: 14.823 Thread 0x000000001505c800 2046       3       com.android.dx.ssa.LiteralOpUpgrader$1::visitNonMoveInsn (203 bytes)
Event: 14.828 Thread 0x000000001505c800 


GC Heap History (10 events):
Event: 3.950 GC heap before
{Heap before GC invocations=2 (full 0):
 PSYoungGen      total 18944K, used 18935K [0x00000000eab00000, 0x00000000ed000000, 0x0000000100000000)
  eden space 16384K, 100% used [0x00000000eab00000,0x00000000ebb00000,0x00000000ebb00000)
  from space 2560K, 99% used [0x00000000ebb00000,0x00000000ebd7dc78,0x00000000ebd80000)
  to   space 2560K, 0% used [0x00000000ecd80000,0x00000000ecd80000,0x00000000ed000000)
 ParOldGen       total 44032K, used 1619K [0x00000000c0000000, 0x00000000c2b00000, 0x00000000eab00000)
  object space 44032K, 3% used [0x00000000c0000000,0x00000000c0194fc0,0x00000000c2b00000)
 Metaspace       used 5749K, capacity 6960K, committed 7040K, reserved 1056768K
  class space    used 559K, capacity 616K, committed 640K, reserved 1048576K
Event: 4.174 GC heap after
Heap after GC invocations=2 (full 0):
 PSYoungGen      total 35328K, used 2528K [0x00000000eab00000, 0x00000000ed000000, 0x0000000100000000)
  eden space 32768K, 0% used [0x00000000eab00000,0x00000000eab00000,0x00000000ecb00000)
  from space 2560K, 98% used [0x00000000ecd80000,0x00000000ecff8018,0x00000000ed000000)
  to   space 2560K, 0% used [0x00000000ecb00000,0x00000000ecb00000,0x00000000ecd80000)
 ParOldGen       total 44032K, used 4157K [0x00000000c0000000, 0x00000000c2b00000, 0x00000000eab00000)
  object space 44032K, 9% used [0x00000000c0000000,0x00000000c040f5f0,0x00000000c2b00000)
 Metaspace       used 5749K, capacity 6960K, committed 7040K, reserved 1056768K
  class space    used 559K, capacity 616K, committed 640K, reserved 1048576K
}
Event: 8.018 GC heap before
{Heap before GC invocations=3 (full 0):
 PSYoungGen      total 35328K, used 35296K [0x00000000eab00000, 0x00000000ed000000, 0x0000000100000000)
  eden space 32768K, 100% used [0x00000000eab00000,0x00000000ecb00000,0x00000000ecb00000)
  from space 2560K, 98% used [0x00000000ecd80000,0x00000000ecff8018,0x00000000ed000000)
  to   space 2560K, 0% used [0x00000000ecb00000,0x00000000ecb00000,0x00000000ecd80000)
 ParOldGen       total 44032K, used 4157K [0x00000000c0000000, 0x00000000c2b00000, 0x00000000eab00000)
  object space 44032K, 9% used [0x00000000c0000000,0x00000000c040f5f0,0x00000000c2b00000)
 Metaspace       used 5922K, capacity 7088K, committed 7296K, reserved 1056768K
  class space    used 566K, capacity 616K, committed 640K, reserved 1048576K
Event: 8.103 GC heap after
Heap after GC invocations=3 (full 0):
 PSYoungGen      total 35328K, used 2544K [0x00000000eab00000, 0x00000000ef000000, 0x0000000100000000)
  eden space 32768K, 0% used [0x00000000eab00000,0x00000000eab00000,0x00000000ecb00000)
  from space 2560K, 99% used [0x00000000ecb00000,0x00000000ecd7c388,0x00000000ecd80000)
  to   space 2560K, 0% used [0x00000000eed80000,0x00000000eed80000,0x00000000ef000000)
 ParOldGen       total 44032K, used 9951K [0x00000000c0000000, 0x00000000c2b00000, 0x00000000eab00000)
  object space 44032K, 22% used [0x00000000c0000000,0x00000000c09b7d80,0x00000000c2b00000)
 Metaspace       used 5922K, capacity 7088K, committed 7296K, reserved 1056768K
  class space    used 566K, capacity 616K, committed 640K, reserved 1048576K
}
Event: 10.091 GC heap before
{Heap before GC invocations=4 (full 0):
 PSYoungGen      total 35328K, used 35312K [0x00000000eab00000, 0x00000000ef000000, 0x0000000100000000)
  eden space 32768K, 100% used [0x00000000eab00000,0x00000000ecb00000,0x00000000ecb00000)
  from space 2560K, 99% used [0x00000000ecb00000,0x00000000ecd7c388,0x00000000ecd80000)
  to   space 2560K, 0% used [0x00000000eed80000,0x00000000eed80000,0x00000000ef000000)
 ParOldGen       total 44032K, used 9951K [0x00000000c0000000, 0x00000000c2b00000, 0x00000000eab00000)
  object space 44032K, 22% used [0x00000000c0000000,0x00000000c09b7d80,0x00000000c2b00000)
 Metaspace       used 5944K, capacity 7088K, committed 7296K, reserved 1056768K
  class space    used 566K, capacity 616K, committed 640K, reserved 1048576K
Event: 10.133 GC heap after
Heap after GC invocations=4 (full 0):
 PSYoungGen      total 68096K, used 2531K [0x00000000eab00000, 0x00000000ef000000, 0x0000000100000000)
  eden space 65536K, 0% used [0x00000000eab00000,0x00000000eab00000,0x00000000eeb00000)
  from space 2560K, 98% used [0x00000000eed80000,0x00000000eeff8f68,0x00000000ef000000)
  to   space 2560K, 0% used [0x00000000eeb00000,0x00000000eeb00000,0x00000000eed80000)
 ParOldGen       total 44032K, used 15529K [0x00000000c0000000, 0x00000000c2b00000, 0x00000000eab00000)
  object space 44032K, 35% used [0x00000000c0000000,0x00000000c0f2a5c0,0x00000000c2b00000)
 Metaspace       used 5944K, capacity 7088K, committed 7296K, reserved 1056768K
  class space    used 566K, capacity 616K, committed 640K, reserved 1048576K
}
Event: 12.285 GC heap before
{Heap before GC invocations=5 (full 0):
 PSYoungGen      total 68096K, used 68067K [0x00000000eab00000, 0x00000000ef000000, 0x0000000100000000)
  eden space 65536K, 100% used [0x00000000eab00000,0x00000000eeb00000,0x00000000eeb00000)
  from space 2560K, 98% used [0x00000000eed80000,0x00000000eeff8f68,0x00000000ef000000)
  to   space 2560K, 0% used [0x00000000eeb00000,0x00000000eeb00000,0x00000000eed80000)
 ParOldGen       total 44032K, used 15529K [0x00000000c0000000, 0x00000000c2b00000, 0x00000000eab00000)
  object space 44032K, 35% used [0x00000000c0000000,0x00000000c0f2a5c0,0x00000000c2b00000)
 Metaspace       used 5996K, capacity 7152K, committed 7296K, reserved 1056768K
  class space    used 566K, capacity 616K, committed 640K, reserved 1048576K
Event: 12.365 GC heap after
Heap after GC invocations=5 (full 0):
 PSYoungGen      total 68096K, used 2540K [0x00000000eab00000, 0x00000000f4700000, 0x0000000100000000)
  eden space 65536K, 0% used [0x00000000eab00000,0x00000000eab00000,0x00000000eeb00000)
  from space 2560K, 99% used [0x00000000eeb00000,0x00000000eed7b010,0x00000000eed80000)
  to   space 14336K, 0% used [0x00000000f3900000,0x00000000f3900000,0x00000000f4700000)
 ParOldGen       total 44032K, used 26334K [0x00000000c0000000, 0x00000000c2b00000, 0x00000000eab00000)
  object space 44032K, 59% used [0x00000000c0000000,0x00000000c19b7800,0x00000000c2b00000)
 Metaspace       used 5996K, capacity 7152K, committed 7296K, reserved 1056768K
  class space    used 566K, capacity 616K, committed 640K, reserved 1048576K
}
Event: 14.723 GC heap before
{Heap before GC invocations=6 (full 0):
 PSYoungGen      total 68096K, used 68076K [0x00000000eab00000, 0x00000000f4700000, 0x0000000100000000)
  eden space 65536K, 100% used [0x00000000eab00000,0x00000000eeb00000,0x00000000eeb00000)
  from space 2560K, 99% used [0x00000000eeb00000,0x00000000eed7b010,0x00000000eed80000)
  to   space 14336K, 0% used [0x00000000f3900000,0x00000000f3900000,0x00000000f4700000)
 ParOldGen       total 44032K, used 26334K [0x00000000c0000000, 0x00000000c2b00000, 0x00000000eab00000)
  object space 44032K, 59% used [0x00000000c0000000,0x00000000c19b7800,0x00000000c2b00000)
 Metaspace       used 6007K, capacity 7152K, committed 7296K, reserved 1056768K
  class space    used 567K, capacity 616K, committed 640K, reserved 1048576K
Event: 14.752 GC heap after
Heap after GC invocations=6 (full 0):
 PSYoungGen      total 79872K, used 14218K [0x00000000eab00000, 0x00000000f4700000, 0x0000000100000000)
  eden space 65536K, 0% used [0x00000000eab00000,0x00000000eab00000,0x00000000eeb00000)
  from space 14336K, 99% used [0x00000000f3900000,0x00000000f46e2aa0,0x00000000f4700000)
  to   space 2560K, 0% used [0x00000000eeb00000,0x00000000eeb00000,0x00000000eed80000)
 ParOldGen       total 44032K, used 26334K [0x00000000c0000000, 0x00000000c2b00000, 0x00000000eab00000)
  object space 44032K, 59% used [0x00000000c0000000,0x00000000c19b7800,0x00000000c2b00000)
 Metaspace       used 6007K, capacity 7152K, committed 7296K, reserved 1056768K
  class space    used 567K, capacity 616K, committed 640K, reserved 1048576K
}

Deoptimization events (10 events):
Event: 13.337 Thread 0x0000000002830800 Uncommon trap: reason=bimorphic action=maybe_recompile pc=0x00000000032ab190 method=com.android.dx.cf.code.BytecodeArray.parseInstruction(ILcom/android/dx/cf/code/BytecodeArray$Visitor;)I @ 1224
Event: 13.337 Thread 0x0000000002830800 Uncommon trap: reason=unstable_if action=reinterpret pc=0x00000000031b3020 method=com.android.dx.cf.code.RopperMachine.run(Lcom/android/dx/cf/code/Frame;II)V @ 1500
Event: 13.338 Thread 0x0000000002830800 Uncommon trap: reason=class_check action=maybe_recompile pc=0x0000000003340604 method=com.android.dx.cf.code.Ropper.processBlock(Lcom/android/dx/cf/code/ByteBlock;Lcom/android/dx/cf/code/Frame;[I)V @ 777
Event: 13.380 Thread 0x0000000002830800 Uncommon trap: reason=bimorphic action=maybe_recompile pc=0x0000000002d04ef4 method=java.util.HashMap.getNode(ILjava/lang/Object;)Ljava/util/HashMap$Node; @ 126
Event: 13.380 Thread 0x0000000002830800 Uncommon trap: reason=bimorphic action=maybe_recompile pc=0x000000000330b554 method=java.util.HashMap.putVal(ILjava/lang/Object;Ljava/lang/Object;ZZ)Ljava/lang/Object; @ 203
Event: 13.874 Thread 0x0000000002830800 Uncommon trap: reason=bimorphic action=maybe_recompile pc=0x00000000033204e0 method=com.android.dx.rop.code.RegisterSpec.getFrameType()Lcom/android/dx/rop/type/TypeBearer; @ 4
Event: 14.079 Thread 0x0000000002830800 Uncommon trap: reason=bimorphic action=maybe_recompile pc=0x0000000002d04ef4 method=java.util.HashMap.getNode(ILjava/lang/Object;)Ljava/util/HashMap$Node; @ 126
Event: 14.079 Thread 0x0000000002830800 Uncommon trap: reason=bimorphic action=maybe_recompile pc=0x0000000002d5976c method=java.util.HashMap.getNode(ILjava/lang/Object;)Ljava/util/HashMap$Node; @ 126
Event: 14.079 Thread 0x0000000002830800 Uncommon trap: reason=class_check action=maybe_recompile pc=0x0000000003160b8c method=java.util.HashMap.putVal(ILjava/lang/Object;Ljava/lang/Object;ZZ)Ljava/lang/Object; @ 203
Event: 14.820 Thread 0x0000000002830800 Uncommon trap: reason=unstable_if action=reinterpret pc=0x0000000002f70614 method=com.android.dx.ssa.LiteralOpUpgrader$1.visitNonMoveInsn(Lcom/android/dx/ssa/NormalSsaInsn;)V @ 176

Internal exceptions (4 events):
Event: 0.157 Thread 0x0000000002830800 Exception <a 'java/lang/NoSuchMethodError': Method sun.misc.Unsafe.defineClass(Ljava/lang/String;[BII)Ljava/lang/Class; name or signature does not match> (0x00000000eab0d088) thrown at [C:\re\workspace\8-2-build-windows-amd64-cygwin\jdk8u60\4407\hotspot\srSÒqIœÄ?
Event: 0.157 Thread 0x0000000002830800 Exception <a 'java/lang/NoSuchMethodError': Method sun.misc.Unsafe.prefetchRead(Ljava/lang/Object;J)V name or signature does not match> (0x00000000eab0d370) thrown at [C:\re\workspace\8-2-build-windows-amd64-cygwin\jdk8u60\4407\hotspot\src\share\vm\prims\j¬QPßð"@
Event: 9.470 Thread 0x0000000002830800 Implicit null exception at 0x0000000002f7e478 to 0x0000000002f7f939
Event: 11.359 Thread 0x0000000002830800 Implicit null exception at 0x0000000002ea56a2 to 0x0000000002ea579a

Events (10 events):
Event: 14.767 Thread 0x000000001505c800 flushing nmethod 0x0000000002af5690
Event: 14.767 Thread 0x000000001505c800 flushing nmethod 0x0000000002b06550
Event: 14.767 Thread 0x000000001505c800 flushing nmethod 0x0000000002b0e4d0
Event: 14.767 Thread 0x000000001505c800 flushing nmethod 0x0000000002b14950
Event: 14.767 Thread 0x000000001505c800 flushing nmethod 0x0000000002b21b50
Event: 14.767 Thread 0x000000001505c800 flushing nmethod 0x0000000002b83250
Event: 14.768 Thread 0x000000001505c800 flushing nmethod 0x0000000002bed0d0
Event: 14.820 Thread 0x0000000002830800 Uncommon trap: trap_request=0xffffff65 fr.pc=0x0000000002f70614
Event: 14.820 Thread 0x0000000002830800 DEOPT PACKING pc=0x0000000002f70614 sp=0x000000000282e790
Event: 14.820 Thread 0x0000000002830800 DEOPT UNPACKING pc=0x000000000297582a sp=0x000000000282e740 mode 2


Dynamic libraries:
0x00007ff695780000 - 0x00007ff6957b7000 	C:\Program Files\Java\jdk1.8.0_60\bin\java.exe
0x00007ffc6a3a0000 - 0x00007ffc6a54c000 	C:\windows\SYSTEM32\ntdll.dll
0x00007ffc68720000 - 0x00007ffc6885e000 	C:\windows\system32\KERNEL32.DLL
0x00007ffc678b0000 - 0x00007ffc679c5000 	C:\windows\system32\KERNELBASE.dll
0x00007ffc66050000 - 0x00007ffc660de000 	C:\windows\system32\apphelp.dll
0x00007ffc57900000 - 0x00007ffc57953000 	C:\windows\AppPatch\AppPatch64\AcGenral.DLL
0x00007ffc6a2f0000 - 0x00007ffc6a39a000 	C:\windows\system32\msvcrt.dll
0x00007ffc67390000 - 0x00007ffc673be000 	C:\windows\SYSTEM32\SspiCli.dll
0x00007ffc67a30000 - 0x00007ffc67a84000 	C:\windows\system32\SHLWAPI.dll
0x00007ffc67af0000 - 0x00007ffc67c67000 	C:\windows\system32\USER32.dll
0x00007ffc68a80000 - 0x00007ffc68c14000 	C:\windows\system32\ole32.dll
0x00007ffc68c30000 - 0x00007ffc6a15b000 	C:\windows\system32\SHELL32.dll
0x00007ffc66b10000 - 0x00007ffc66b31000 	C:\windows\SYSTEM32\USERENV.dll
0x00007ffc6a210000 - 0x00007ffc6a2ba000 	C:\windows\system32\ADVAPI32.dll
0x00007ffc5b550000 - 0x00007ffc5b56e000 	C:\windows\SYSTEM32\MPR.dll
0x00007ffc681f0000 - 0x00007ffc68331000 	C:\windows\system32\RPCRT4.dll
0x00007ffc67a90000 - 0x00007ffc67ae9000 	C:\windows\SYSTEM32\sechost.dll
0x00007ffc68860000 - 0x00007ffc68a71000 	C:\windows\SYSTEM32\combase.dll
0x00007ffc67fd0000 - 0x00007ffc6811f000 	C:\windows\system32\GDI32.dll
0x00007ffc674f0000 - 0x00007ffc67505000 	C:\windows\SYSTEM32\profapi.dll
0x00007ffc63fe0000 - 0x00007ffc64092000 	C:\windows\SYSTEM32\SHCORE.dll
0x00007ffc6a1d0000 - 0x00007ffc6a206000 	C:\windows\system32\IMM32.DLL
0x00007ffc685c0000 - 0x00007ffc68712000 	C:\windows\system32\MSCTF.dll
0x00007ffc63970000 - 0x00007ffc63beb000 	C:\windows\WinSxS\amd64_microsoft.windows.common-controls_6595b64144ccf1df_6.0.9600.18006_none_623f33d3ecbe86e8\COMCTL32.dll
0x0000000073be0000 - 0x0000000073cb2000 	C:\Program Files\Java\jdk1.8.0_60\jre\bin\msvcr100.dll
0x0000000073fb0000 - 0x0000000074839000 	C:\Program Files\Java\jdk1.8.0_60\jre\bin\server\jvm.dll
0x00007ffc5ea70000 - 0x00007ffc5ea79000 	C:\windows\SYSTEM32\WSOCK32.dll
0x00007ffc60f20000 - 0x00007ffc60f42000 	C:\windows\SYSTEM32\WINMM.dll
0x00007ffc5f8f0000 - 0x00007ffc5f8fa000 	C:\windows\SYSTEM32\VERSION.dll
0x00007ffc68120000 - 0x00007ffc68127000 	C:\windows\system32\PSAPI.DLL
0x00007ffc67f70000 - 0x00007ffc67fca000 	C:\windows\system32\WS2_32.dll
0x00007ffc609d0000 - 0x00007ffc609fa000 	C:\windows\SYSTEM32\WINMMBASE.dll
0x00007ffc68c20000 - 0x00007ffc68c29000 	C:\windows\system32\NSI.dll
0x00007ffc679d0000 - 0x00007ffc67a1f000 	C:\windows\SYSTEM32\cfgmgr32.dll
0x00007ffc662a0000 - 0x00007ffc662c8000 	C:\windows\SYSTEM32\DEVOBJ.dll
0x0000000075240000 - 0x000000007524f000 	C:\Program Files\Java\jdk1.8.0_60\jre\bin\verify.dll
0x0000000075210000 - 0x0000000075239000 	C:\Program Files\Java\jdk1.8.0_60\jre\bin\java.dll
0x00000000751f0000 - 0x0000000075206000 	C:\Program Files\Java\jdk1.8.0_60\jre\bin\zip.dll

VM Arguments:
jvm_args: -Xmx1024M -Dfile.encoding=windows-1252 -Duser.country=SG -Duser.language=en -Duser.variant 
java_command: com.android.dx.command.Main --dex --output C:\Users\surface\AndroidStudioProjects\SmartFridge\app\build\intermediates\pre-dexed\debug\classes-685aff0ae6c7ed9c6e94bc9be4107250882a0512.jar C:\Users\surface\AndroidStudioProjects\SmartFridge\app\build\intermediates\exploded-aar\com.android.support\support-v4\23.1.1\jars\classes.jar
java_class_path (initial): C:\Users\surface\AppData\Local\Android\sdk\build-tools\22.0.1\lib\dx.jar
Launcher Type: SUN_STANDARD

Environment Variables:
PATH=C:\ProgramData\Oracle\Java\javapath;C:\Program Files (x86)\Java\jre7\bin\javaw.exe;C:\Program Files (x86)\Java\jre1.8.0_60\bin;C:\Program Files\Java\jdk1.7.0_07\bin;C:\Program Files (x86)\Java\jre1.8.0_60\bin
USERNAME=surface
OS=Windows_NT
PROCESSOR_IDENTIFIER=Intel64 Family 6 Model 69 Stepping 1, GenuineIntel



---------------  S Y S T E M  ---------------

OS: Windows 8.1 , 64 bit Build 9600 (6.3.9600.17415)

CPU:total 4 (2 cores per cpu, 2 threads per core) family 6 model 69 stepping 1, cmov, cx8, fxsr, mmx, sse, sse2, sse3, ssse3, sse4.1, sse4.2, popcnt, avx, avx2, aes, clmul, erms, lzcnt, ht, tsc, tscinvbit, bmi1, bmi2

Memory: 4k page, physical 4097096k(194452k free), swap 7242824k(19768k free)

vm_info: Java HotSpot(TM) 64-Bit Server VM (25.60-b23) for windows-amd64 JRE (1.8.0_60-b27), built on Aug  4 2015 11:06:27 by "java_re" with MS VC++ 10.0 (VS2010)

time: Tue Dec 08 10:06:35 2015
elapsed time: 15 seconds (0d 0h 0m 15s)

