#
# There is insufficient memory for the Java Runtime Environment to continue.
# Native memory allocation (malloc) failed to allocate 131088 bytes for Chunk::new
# Possible reasons:
#   The system is out of physical RAM or swap space
#   In 32 bit mode, the process size limit was hit
# Possible solutions:
#   Reduce memory load on the system
#   Increase physical memory or swap space
#   Check if swap backing store is full
#   Use 64 bit Java on a 64 bit OS
#   Decrease Java heap size (-Xmx/-Xms)
#   Decrease number of Java threads
#   Decrease Java thread stack sizes (-Xss)
#   Set larger code cache with -XX:ReservedCodeCacheSize=
# This output file may be truncated or incomplete.
#
#  Out of Memory Error (allocation.cpp:390), pid=4208, tid=3020
#
# JRE version: Java(TM) SE Runtime Environment (8.0_60-b27) (build 1.8.0_60-b27)
# Java VM: Java HotSpot(TM) 64-Bit Server VM (25.60-b23 mixed mode windows-amd64 compressed oops)
# Failed to write core dump. Minidumps are not enabled by default on client versions of Windows
#

---------------  T H R E A D  ---------------

Current thread (0x0000000014d3e800):  JavaThread "C2 CompilerThread1" daemon [_thread_in_native, id=3020, stack(0x00000000165a0000,0x00000000166a0000)]

Stack: [0x00000000165a0000,0x00000000166a0000]
[error occurred during error reporting (printing stack bounds), id 0xc0000005]

Native frames: (J=compiled Java code, j=interpreted, Vv=VM code, C=native code)


Current CompileTask:
C2:  15141 2109       4       com.android.dx.ssa.SsaConverter::edgeSplitPredecessors (44 bytes)


---------------  P R O C E S S  ---------------

Java Threads: ( => current thread )
  0x00000000167a8000 JavaThread "Service Thread" daemon [_thread_blocked, id=7252, stack(0x0000000016ba0000,0x0000000016ca0000)]
  0x0000000014d49000 JavaThread "C1 CompilerThread2" daemon [_thread_blocked, id=6844, stack(0x00000000166a0000,0x00000000167a0000)]
=>0x0000000014d3e800 JavaThread "C2 CompilerThread1" daemon [_thread_in_native, id=3020, stack(0x00000000165a0000,0x00000000166a0000)]
  0x0000000014cf8000 JavaThread "C2 CompilerThread0" daemon [_thread_in_native, id=4804, stack(0x00000000164a0000,0x00000000165a0000)]
  0x0000000014cf7000 JavaThread "Attach Listener" daemon [_thread_blocked, id=7532, stack(0x00000000163a0000,0x00000000164a0000)]
  0x0000000014cf5800 JavaThread "Signal Dispatcher" daemon [_thread_blocked, id=4236, stack(0x00000000162a0000,0x00000000163a0000)]
  0x0000000002617000 JavaThread "Finalizer" daemon [_thread_blocked, id=4692, stack(0x0000000015f60000,0x0000000016060000)]
  0x000000000260e000 JavaThread "Reference Handler" daemon [_thread_blocked, id=6028, stack(0x0000000015e60000,0x0000000015f60000)]
  0x0000000002520800 JavaThread "main" [_thread_in_native, id=7056, stack(0x0000000002320000,0x0000000002420000)]

Other Threads:
  0x0000000014cb7800 VMThread [stack: 0x0000000015d60000,0x0000000015e60000] [id=3088]
  0x00000000167bc000 WatcherThread [stack: 0x0000000016ca0000,0x0000000016da0000] [id=2848]

VM state:not at safepoint (normal execution)

VM Mutex/Monitor currently owned by a thread: None

Heap:
 PSYoungGen      total 140288K, used 55069K [0x00000000eab00000, 0x00000000f4f00000, 0x0000000100000000)
  eden space 124928K, 31% used [0x00000000eab00000,0x00000000ed1cac30,0x00000000f2500000)
  from space 15360K, 99% used [0x00000000f3800000,0x00000000f46fc8e8,0x00000000f4700000)
  to   space 19456K, 0% used [0x00000000f2500000,0x00000000f2500000,0x00000000f3800000)
 ParOldGen       total 44032K, used 29613K [0x00000000c0000000, 0x00000000c2b00000, 0x00000000eab00000)
  object space 44032K, 67% used [0x00000000c0000000,0x00000000c1ceb4d0,0x00000000c2b00000)
 Metaspace       used 6146K, capacity 7216K, committed 7296K, reserved 1056768K
  class space    used 568K, capacity 616K, committed 640K, reserved 1048576K

Card table byte_map: [0x00000000119e0000,0x0000000011bf0000] byte_map_base: 0x00000000113e0000

Marking Bits: (ParMarkBitMap*) 0x00000000747ba5b0
 Begin Bits: [0x0000000012150000, 0x0000000013150000)
 End Bits:   [0x0000000013150000, 0x0000000014150000)

Polling page: 0x0000000000b00000

CodeCache: size=245760Kb used=11475Kb max_used=11475Kb free=234284Kb
 bounds [0x0000000002620000, 0x0000000003160000, 0x0000000011620000]
 total_blobs=2447 nmethods=2181 adapters=178
 compilation: enabled

Compilation events (10 events):
Event: 14.944 Thread 0x0000000014d49000 2252       2       com.android.dx.dex.file.ProtoIdsSection::intern (55 bytes)
Event: 14.945 Thread 0x0000000014d49000 nmethod 2252 0x0000000003154590 code [0x0000000003154740, 0x0000000003154b28]
Event: 14.945 Thread 0x0000000014d49000 2251       2       com.android.dx.dex.file.TypeListItem::<init> (21 bytes)
Event: 14.945 Thread 0x0000000014d49000 nmethod 2251 0x0000000003154dd0 code [0x0000000003154f40, 0x0000000003155118]
Event: 14.945 Thread 0x0000000014d49000 2254       2       com.android.dx.dex.file.ProtoIdItem::makeShortForm (74 bytes)
Event: 14.946 Thread 0x0000000014d49000 nmethod 2254 0x00000000031551d0 code [0x00000000031553c0, 0x0000000003155ac8]
Event: 14.946 Thread 0x0000000014d49000 2253       2       java.lang.StringBuilder::<init> (6 bytes)
Event: 14.947 Thread 0x0000000014d49000 nmethod 2253 0x00000000031564d0 code [0x0000000003156620, 0x0000000003156810]
Event: 14.947 Thread 0x0000000014d49000 2255       2       com.android.dx.dex.file.ProtoIdItem::<init> (60 bytes)
Event: 14.947 Thread 0x0000000014d49000 nmethod 2255 0x00000000031568d0 code [0x0000000003156a60, 0x0000000003156de8]

GC Heap History (10 events):
Event: 6.268 GC heap before
{Heap before GC invocations=4 (full 0):
 PSYoungGen      total 18944K, used 18912K [0x00000000eab00000, 0x00000000ed000000, 0x0000000100000000)
  eden space 16384K, 100% used [0x00000000eab00000,0x00000000ebb00000,0x00000000ebb00000)
  from space 2560K, 98% used [0x00000000ebb00000,0x00000000ebd78010,0x00000000ebd80000)
  to   space 2560K, 0% used [0x00000000ecd80000,0x00000000ecd80000,0x00000000ed000000)
 ParOldGen       total 44032K, used 6890K [0x00000000c0000000, 0x00000000c2b00000, 0x00000000eab00000)
  object space 44032K, 15% used [0x00000000c0000000,0x00000000c06ba9d8,0x00000000c2b00000)
 Metaspace       used 5862K, capacity 7024K, committed 7296K, reserved 1056768K
  class space    used 560K, capacity 616K, committed 640K, reserved 1048576K
Event: 6.290 GC heap after
Heap after GC invocations=4 (full 0):
 PSYoungGen      total 35328K, used 2551K [0x00000000eab00000, 0x00000000ed000000, 0x0000000100000000)
  eden space 32768K, 0% used [0x00000000eab00000,0x00000000eab00000,0x00000000ecb00000)
  from space 2560K, 99% used [0x00000000ecd80000,0x00000000ecffdf28,0x00000000ed000000)
  to   space 2560K, 0% used [0x00000000ecb00000,0x00000000ecb00000,0x00000000ecd80000)
 ParOldGen       total 44032K, used 9505K [0x00000000c0000000, 0x00000000c2b00000, 0x00000000eab00000)
  object space 44032K, 21% used [0x00000000c0000000,0x00000000c0948670,0x00000000c2b00000)
 Metaspace       used 5862K, capacity 7024K, committed 7296K, reserved 1056768K
  class space    used 560K, capacity 616K, committed 640K, reserved 1048576K
}
Event: 8.078 GC heap before
{Heap before GC invocations=5 (full 0):
 PSYoungGen      total 35328K, used 35319K [0x00000000eab00000, 0x00000000ed000000, 0x0000000100000000)
  eden space 32768K, 100% used [0x00000000eab00000,0x00000000ecb00000,0x00000000ecb00000)
  from space 2560K, 99% used [0x00000000ecd80000,0x00000000ecffdf28,0x00000000ed000000)
  to   space 2560K, 0% used [0x00000000ecb00000,0x00000000ecb00000,0x00000000ecd80000)
 ParOldGen       total 44032K, used 9505K [0x00000000c0000000, 0x00000000c2b00000, 0x00000000eab00000)
  object space 44032K, 21% used [0x00000000c0000000,0x00000000c0948670,0x00000000c2b00000)
 Metaspace       used 5906K, capacity 7088K, committed 7296K, reserved 1056768K
  class space    used 560K, capacity 616K, committed 640K, reserved 1048576K
Event: 8.114 GC heap after
Heap after GC invocations=5 (full 0):
 PSYoungGen      total 35328K, used 2551K [0x00000000eab00000, 0x00000000efa00000, 0x0000000100000000)
  eden space 32768K, 0% used [0x00000000eab00000,0x00000000eab00000,0x00000000ecb00000)
  from space 2560K, 99% used [0x00000000ecb00000,0x00000000ecd7df28,0x00000000ecd80000)
  to   space 7680K, 0% used [0x00000000ef280000,0x00000000ef280000,0x00000000efa00000)
 ParOldGen       total 44032K, used 14793K [0x00000000c0000000, 0x00000000c2b00000, 0x00000000eab00000)
  object space 44032K, 33% used [0x00000000c0000000,0x00000000c0e724d0,0x00000000c2b00000)
 Metaspace       used 5906K, capacity 7088K, committed 7296K, reserved 1056768K
  class space    used 560K, capacity 616K, committed 640K, reserved 1048576K
}
Event: 9.815 GC heap before
{Heap before GC invocations=6 (full 0):
 PSYoungGen      total 35328K, used 35319K [0x00000000eab00000, 0x00000000efa00000, 0x0000000100000000)
  eden space 32768K, 100% used [0x00000000eab00000,0x00000000ecb00000,0x00000000ecb00000)
  from space 2560K, 99% used [0x00000000ecb00000,0x00000000ecd7df28,0x00000000ecd80000)
  to   space 7680K, 0% used [0x00000000ef280000,0x00000000ef280000,0x00000000efa00000)
 ParOldGen       total 44032K, used 14793K [0x00000000c0000000, 0x00000000c2b00000, 0x00000000eab00000)
  object space 44032K, 33% used [0x00000000c0000000,0x00000000c0e724d0,0x00000000c2b00000)
 Metaspace       used 5912K, capacity 7088K, committed 7296K, reserved 1056768K
  class space    used 560K, capacity 616K, committed 640K, reserved 1048576K
Event: 9.878 GC heap after
Heap after GC invocations=6 (full 0):
 PSYoungGen      total 72192K, used 7671K [0x00000000eab00000, 0x00000000efc00000, 0x0000000100000000)
  eden space 64512K, 0% used [0x00000000eab00000,0x00000000eab00000,0x00000000eea00000)
  from space 7680K, 99% used [0x00000000ef280000,0x00000000ef9fdf28,0x00000000efa00000)
  to   space 8704K, 0% used [0x00000000eea00000,0x00000000eea00000,0x00000000ef280000)
 ParOldGen       total 44032K, used 14979K [0x00000000c0000000, 0x00000000c2b00000, 0x00000000eab00000)
  object space 44032K, 34% used [0x00000000c0000000,0x00000000c0ea0da0,0x00000000c2b00000)
 Metaspace       used 5912K, capacity 7088K, committed 7296K, reserved 1056768K
  class space    used 560K, capacity 616K, committed 640K, reserved 1048576K
}
Event: 12.133 GC heap before
{Heap before GC invocations=7 (full 0):
 PSYoungGen      total 72192K, used 72183K [0x00000000eab00000, 0x00000000efc00000, 0x0000000100000000)
  eden space 64512K, 100% used [0x00000000eab00000,0x00000000eea00000,0x00000000eea00000)
  from space 7680K, 99% used [0x00000000ef280000,0x00000000ef9fdf28,0x00000000efa00000)
  to   space 8704K, 0% used [0x00000000eea00000,0x00000000eea00000,0x00000000ef280000)
 ParOldGen       total 44032K, used 14979K [0x00000000c0000000, 0x00000000c2b00000, 0x00000000eab00000)
  object space 44032K, 34% used [0x00000000c0000000,0x00000000c0ea0da0,0x00000000c2b00000)
 Metaspace       used 6000K, capacity 7152K, committed 7296K, reserved 1056768K
  class space    used 561K, capacity 616K, committed 640K, reserved 1048576K
Event: 12.209 GC heap after
Heap after GC invocations=7 (full 0):
 PSYoungGen      total 73216K, used 8695K [0x00000000eab00000, 0x00000000f4700000, 0x0000000100000000)
  eden space 64512K, 0% used [0x00000000eab00000,0x00000000eab00000,0x00000000eea00000)
  from space 8704K, 99% used [0x00000000eea00000,0x00000000ef27df38,0x00000000ef280000)
  to   space 15360K, 0% used [0x00000000f3800000,0x00000000f3800000,0x00000000f4700000)
 ParOldGen       total 44032K, used 25661K [0x00000000c0000000, 0x00000000c2b00000, 0x00000000eab00000)
  object space 44032K, 58% used [0x00000000c0000000,0x00000000c190f710,0x00000000c2b00000)
 Metaspace       used 6000K, capacity 7152K, committed 7296K, reserved 1056768K
  class space    used 561K, capacity 616K, committed 640K, reserved 1048576K
}
Event: 13.899 GC heap before
{Heap before GC invocations=8 (full 0):
 PSYoungGen      total 73216K, used 73207K [0x00000000eab00000, 0x00000000f4700000, 0x0000000100000000)
  eden space 64512K, 100% used [0x00000000eab00000,0x00000000eea00000,0x00000000eea00000)
  from space 8704K, 99% used [0x00000000eea00000,0x00000000ef27df38,0x00000000ef280000)
  to   space 15360K, 0% used [0x00000000f3800000,0x00000000f3800000,0x00000000f4700000)
 ParOldGen       total 44032K, used 25661K [0x00000000c0000000, 0x00000000c2b00000, 0x00000000eab00000)
  object space 44032K, 58% used [0x00000000c0000000,0x00000000c190f710,0x00000000c2b00000)
 Metaspace       used 6012K, capacity 7152K, committed 7296K, reserved 1056768K
  class space    used 561K, capacity 616K, committed 640K, reserved 1048576K
Event: 14.096 GC heap after
Heap after GC invocations=8 (full 0):
 PSYoungGen      total 140288K, used 15346K [0x00000000eab00000, 0x00000000f4f00000, 0x0000000100000000)
  eden space 124928K, 0% used [0x00000000eab00000,0x00000000eab00000,0x00000000f2500000)
  from space 15360K, 99% used [0x00000000f3800000,0x00000000f46fc8e8,0x00000000f4700000)
  to   space 19456K, 0% used [0x00000000f2500000,0x00000000f2500000,0x00000000f3800000)
 ParOldGen       total 44032K, used 29613K [0x00000000c0000000, 0x00000000c2b00000, 0x00000000eab00000)
  object space 44032K, 67% used [0x00000000c0000000,0x00000000c1ceb4d0,0x00000000c2b00000)
 Metaspace       used 6012K, capacity 7152K, committed 7296K, reserved 1056768K
  class space    used 561K, capacity 616K, committed 640K, reserved 1048576K
}

Deoptimization events (10 events):
Event: 14.834 Thread 0x0000000002520800 Uncommon trap: reason=unstable_if action=reinterpret pc=0x00000000030ee71c method=com.android.dx.cf.code.ByteCatchList.typeNotFound(Lcom/android/dx/cf/code/ByteCatchList$Item;[Lcom/android/dx/cf/code/ByteCatchList$Item;I)Z @ 26
Event: 14.834 Thread 0x0000000002520800 Uncommon trap: reason=unstable_if action=reinterpret pc=0x0000000002ecac54 method=com.android.dx.cf.code.ByteCatchList.listFor(I)Lcom/android/dx/cf/code/ByteCatchList; @ 47
Event: 14.869 Thread 0x0000000002520800 Uncommon trap: reason=class_check action=maybe_recompile pc=0x0000000002b5cd08 method=java.util.Arrays.hashCode([Ljava/lang/Object;)I @ 43
Event: 14.869 Thread 0x0000000002520800 Uncommon trap: reason=class_check action=maybe_recompile pc=0x0000000002b5cd08 method=java.util.Arrays.hashCode([Ljava/lang/Object;)I @ 43
Event: 14.870 Thread 0x0000000002520800 Uncommon trap: reason=class_check action=maybe_recompile pc=0x0000000002b5cd08 method=java.util.Arrays.hashCode([Ljava/lang/Object;)I @ 43
Event: 14.870 Thread 0x0000000002520800 Uncommon trap: reason=class_check action=maybe_recompile pc=0x0000000002b5cd08 method=java.util.Arrays.hashCode([Ljava/lang/Object;)I @ 43
Event: 14.870 Thread 0x0000000002520800 Uncommon trap: reason=class_check action=maybe_recompile pc=0x0000000002a76368 method=java.util.Arrays.hashCode([Ljava/lang/Object;)I @ 43
Event: 14.883 Thread 0x0000000002520800 Uncommon trap: reason=class_check action=maybe_recompile pc=0x0000000002b3bec4 method=java.util.HashMap.putVal(ILjava/lang/Object;Ljava/lang/Object;ZZ)Ljava/lang/Object; @ 203
Event: 14.884 Thread 0x0000000002520800 Uncommon trap: reason=class_check action=maybe_recompile pc=0x0000000002b3bec4 method=java.util.HashMap.putVal(ILjava/lang/Object;Ljava/lang/Object;ZZ)Ljava/lang/Object; @ 203
Event: 14.885 Thread 0x0000000002520800 Uncommon trap: reason=class_check action=maybe_recompile pc=0x0000000002b3bec4 method=java.util.HashMap.putVal(ILjava/lang/Object;Ljava/lang/Object;ZZ)Ljava/lang/Object; @ 203

Internal exceptions (3 events):
Event: 0.151 Thread 0x0000000002520800 Exception <a 'java/lang/NoSuchMethodError': Method sun.misc.Unsafe.defineClass(Ljava/lang/String;[BII)Ljava/lang/Class; name or signature does not match> (0x00000000eab0ce00) thrown at [C:\re\workspace\8-2-build-windows-amd64-cygwin\jdk8u60\4407\hotspot\srGM¡¼XÃ?
Event: 0.151 Thread 0x0000000002520800 Exception <a 'java/lang/NoSuchMethodError': Method sun.misc.Unsafe.prefetchRead(Ljava/lang/Object;J)V name or signature does not match> (0x00000000eab0d0e8) thrown at [C:\re\workspace\8-2-build-windows-amd64-cygwin\jdk8u60\4407\hotspot\src\share\vm\prims\jÒ/¯‰žkú?
Event: 1.651 Thread 0x0000000002520800 Implicit null exception at 0x0000000002959a62 to 0x0000000002959b5a

Events (10 events):
Event: 14.888 loading class java/util/HashMap$KeySet
Event: 14.889 loading class java/util/HashMap$KeySet done
Event: 14.889 loading class java/util/HashMap$KeyIterator
Event: 14.889 loading class java/util/HashMap$KeyIterator done
Event: 14.889 loading class com/android/dx/dex/file/CatchStructs
Event: 14.889 loading class com/android/dx/dex/file/CatchStructs done
Event: 14.899 Thread 0x0000000002520800 DEOPT PACKING pc=0x0000000003140194 sp=0x000000000241eee0
Event: 14.899 Thread 0x0000000002520800 DEOPT UNPACKING pc=0x000000000266787f sp=0x000000000241ec70 mode 0
Event: 14.940 loading class com/android/dx/dex/file/ProtoIdItem
Event: 14.940 loading class com/android/dx/dex/file/ProtoIdItem done


Dynamic libraries:
0x00007ff695780000 - 0x00007ff6957b7000 	C:\Program Files\Java\jdk1.8.0_60\bin\java.exe
0x00007ffc6a3a0000 - 0x00007ffc6a54c000 	C:\windows\SYSTEM32\ntdll.dll
0x00007ffc68720000 - 0x00007ffc6885e000 	C:\windows\system32\KERNEL32.DLL
0x00007ffc678b0000 - 0x00007ffc679c5000 	C:\windows\system32\KERNELBASE.dll
0x00007ffc66050000 - 0x00007ffc660de000 	C:\windows\system32\apphelp.dll
0x00007ffc57900000 - 0x00007ffc57953000 	C:\windows\AppPatch\AppPatch64\AcGenral.DLL
0x00007ffc6a2f0000 - 0x00007ffc6a39a000 	C:\windows\system32\msvcrt.dll
0x00007ffc67390000 - 0x00007ffc673be000 	C:\windows\SYSTEM32\SspiCli.dll
0x00007ffc67a30000 - 0x00007ffc67a84000 	C:\windows\system32\SHLWAPI.dll
0x00007ffc67af0000 - 0x00007ffc67c67000 	C:\windows\system32\USER32.dll
0x00007ffc68a80000 - 0x00007ffc68c14000 	C:\windows\system32\ole32.dll
0x00007ffc68c30000 - 0x00007ffc6a15b000 	C:\windows\system32\SHELL32.dll
0x00007ffc66b10000 - 0x00007ffc66b31000 	C:\windows\SYSTEM32\USERENV.dll
0x00007ffc6a210000 - 0x00007ffc6a2ba000 	C:\windows\system32\ADVAPI32.dll
0x00007ffc5b550000 - 0x00007ffc5b56e000 	C:\windows\SYSTEM32\MPR.dll
0x00007ffc681f0000 - 0x00007ffc68331000 	C:\windows\system32\RPCRT4.dll
0x00007ffc67a90000 - 0x00007ffc67ae9000 	C:\windows\SYSTEM32\sechost.dll
0x00007ffc68860000 - 0x00007ffc68a71000 	C:\windows\SYSTEM32\combase.dll
0x00007ffc67fd0000 - 0x00007ffc6811f000 	C:\windows\system32\GDI32.dll
0x00007ffc674f0000 - 0x00007ffc67505000 	C:\windows\SYSTEM32\profapi.dll
0x00007ffc63fe0000 - 0x00007ffc64092000 	C:\windows\SYSTEM32\SHCORE.dll
0x00007ffc6a1d0000 - 0x00007ffc6a206000 	C:\windows\system32\IMM32.DLL
0x00007ffc685c0000 - 0x00007ffc68712000 	C:\windows\system32\MSCTF.dll
0x00007ffc63970000 - 0x00007ffc63beb000 	C:\windows\WinSxS\amd64_microsoft.windows.common-controls_6595b64144ccf1df_6.0.9600.18006_none_623f33d3ecbe86e8\COMCTL32.dll
0x0000000073be0000 - 0x0000000073cb2000 	C:\Program Files\Java\jdk1.8.0_60\jre\bin\msvcr100.dll
0x0000000073fb0000 - 0x0000000074839000 	C:\Program Files\Java\jdk1.8.0_60\jre\bin\server\jvm.dll
0x00007ffc5ea70000 - 0x00007ffc5ea79000 	C:\windows\SYSTEM32\WSOCK32.dll
0x00007ffc60f20000 - 0x00007ffc60f42000 	C:\windows\SYSTEM32\WINMM.dll
0x00007ffc5f8f0000 - 0x00007ffc5f8fa000 	C:\windows\SYSTEM32\VERSION.dll
0x00007ffc68120000 - 0x00007ffc68127000 	C:\windows\system32\PSAPI.DLL
0x00007ffc67f70000 - 0x00007ffc67fca000 	C:\windows\system32\WS2_32.dll
0x00007ffc609d0000 - 0x00007ffc609fa000 	C:\windows\SYSTEM32\WINMMBASE.dll
0x00007ffc68c20000 - 0x00007ffc68c29000 	C:\windows\system32\NSI.dll
0x00007ffc679d0000 - 0x00007ffc67a1f000 	C:\windows\SYSTEM32\cfgmgr32.dll
0x00007ffc662a0000 - 0x00007ffc662c8000 	C:\windows\SYSTEM32\DEVOBJ.dll
0x0000000075240000 - 0x000000007524f000 	C:\Program Files\Java\jdk1.8.0_60\jre\bin\verify.dll
0x0000000075210000 - 0x0000000075239000 	C:\Program Files\Java\jdk1.8.0_60\jre\bin\java.dll
0x00000000751f0000 - 0x0000000075206000 	C:\Program Files\Java\jdk1.8.0_60\jre\bin\zip.dll

VM Arguments:
jvm_args: -Xmx1024M -Dfile.encoding=windows-1252 -Duser.country=SG -Duser.language=en -Duser.variant 
java_command: com.android.dx.command.Main --dex --output C:\Users\surface\AndroidStudioProjects\SmartFridge\app\build\intermediates\pre-dexed\debug\classes-a49ea0a8776ae52d7f4fa71880fad32322e33c56.jar C:\Users\surface\AndroidStudioProjects\SmartFridge\app\build\intermediates\exploded-aar\com.google.android.gms\play-services-basement\8.3.0\jars\classes.jar
java_class_path (initial): C:\Users\surface\AppData\Local\Android\sdk\build-tools\22.0.1\lib\dx.jar
Launcher Type: SUN_STANDARD

Environment Variables:
PATH=C:\ProgramData\Oracle\Java\javapath;C:\Program Files (x86)\Java\jre7\bin\javaw.exe;C:\Program Files (x86)\Java\jre1.8.0_60\bin;C:\Program Files\Java\jdk1.7.0_07\bin;C:\Program Files (x86)\Java\jre1.8.0_60\bin
USERNAME=surface
OS=Windows_NT
PROCESSOR_IDENTIFIER=Intel64 Family 6 Model 69 Stepping 1, GenuineIntel



---------------  S Y S T E M  ---------------

OS: Windows 8.1 , 64 bit Build 9600 (6.3.9600.17415)

CPU:total 4 (2 cores per cpu, 2 threads per core) family 6 model 69 stepping 1, cmov, cx8, fxsr, mmx, sse, sse2, sse3, ssse3, sse4.1, sse4.2, popcnt, avx, avx2, aes, clmul, erms, lzcnt, ht, tsc, tscinvbit, bmi1, bmi2

Memory: 4k page, physical 4097096k(194452k free), swap 7242824k(19768k free)

vm_info: Java HotSpot(TM) 64-Bit Server VM (25.60-b23) for windows-amd64 JRE (1.8.0_60-b27), built on Aug  4 2015 11:06:27 by "java_re" with MS VC++ 10.0 (VS2010)

time: Tue Dec 08 10:06:35 2015
elapsed time: 15 seconds (0d 0h 0m 15s)

